Build started 9/11/2014 2:12:49 PM.
     1>Project "C:\Users\AW 18\Documents\GitHub\SD6Midterm\Sd6MidtermClient\Sd6MidtermClient.vcxproj" on node 2 (build target(s)).
     1>InitializeBuildStatus:
         Creating "Debug\Sd6MidtermClient.unsuccessfulbuild" because "AlwaysCreate" was specified.
       ClCompile:
         C:\Program Files (x86)\Microsoft Visual Studio 10.0\VC\bin\CL.exe /c /I"C:\Users\AW 18\Documents\GitHub\SD6Midterm\Sd6MidtermClient\..\EngineCore\Code\\" /ZI /nologo /W4 /WX- /Od /Oy- /D WIN32 /D _DEBUG /D _WINDOWS /D _UNICODE /D UNICODE /Gm /EHsc /RTC1 /MDd /GS /fp:precise /Zc:wchar_t /Zc:forScope /Fo"Debug\\" /Fd"Debug\vc100.pdb" /Gd /TP /analyze- /errorReport:prompt Code\GameMain.cpp Code\WIN32_Main.cpp
         WIN32_Main.cpp
         GameMain.cpp
     1>c:\users\aw 18\documents\github\sd6midterm\sd6midtermclient\code\gamemain.cpp(52): warning C4244: 'argument' : conversion from 'LONG' to 'float', possible loss of data
     1>c:\users\aw 18\documents\github\sd6midterm\sd6midtermclient\code\gamemain.cpp(52): warning C4244: 'argument' : conversion from 'LONG' to 'float', possible loss of data
     1>c:\users\aw 18\documents\github\sd6midterm\sd6midtermclient\code\gamemain.cpp(104): warning C4189: 'BREAKHERE' : local variable is initialized but not referenced
     1>c:\users\aw 18\documents\github\sd6midterm\sd6midtermclient\code\gamemain.cpp(238): warning C4018: '<' : signed/unsigned mismatch
     1>c:\users\aw 18\documents\github\sd6midterm\sd6midtermclient\code\gamemain.cpp(247): warning C4100: 'scanCode' : unreferenced formal parameter
     1>c:\users\aw 18\documents\github\sd6midterm\sd6midtermclient\code\gamemain.cpp(247): warning C4100: 'asKey' : unreferenced formal parameter
         Generating Code...
       ManifestResourceCompile:
         All outputs are up-to-date.
       Link:
         C:\Program Files (x86)\Microsoft Visual Studio 10.0\VC\bin\link.exe /ERRORREPORT:PROMPT /OUT:"C:\Users\AW 18\Documents\GitHub\SD6Midterm\Sd6MidtermClient\Debug\Sd6MidtermClient.exe" /INCREMENTAL /NOLOGO EngineCore.lib kernel32.lib user32.lib gdi32.lib winspool.lib comdlg32.lib advapi32.lib shell32.lib ole32.lib oleaut32.lib uuid.lib odbc32.lib odbccp32.lib /MANIFEST /ManifestFile:"Debug\Sd6MidtermClient.exe.intermediate.manifest" /MANIFESTUAC:"level='asInvoker' uiAccess='false'" /DEBUG /PDB:"C:\Users\AW 18\Documents\GitHub\SD6Midterm\Sd6MidtermClient\Debug\Sd6MidtermClient.pdb" /SUBSYSTEM:WINDOWS /TLBID:1 /DYNAMICBASE /NXCOMPAT /IMPLIB:"C:\Users\AW 18\Documents\GitHub\SD6Midterm\Sd6MidtermClient\Debug\Sd6MidtermClient.lib" /MACHINE:X86 Debug\Sd6MidtermClient.exe.embed.manifest.res
         Debug\Camera.obj
         Debug\Connection.obj
         Debug\Entity.obj
         Debug\GameMain.obj
         Debug\User.obj
         Debug\WIN32_Main.obj
       Manifest:
         C:\Program Files (x86)\Microsoft SDKs\Windows\v7.0A\bin\mt.exe /nologo /verbose /out:"Debug\Sd6MidtermClient.exe.embed.manifest" /manifest Debug\Sd6MidtermClient.exe.intermediate.manifest
         All outputs are up-to-date.
       LinkEmbedManifest:
         All outputs are up-to-date.
         Sd6MidtermClient.vcxproj -> C:\Users\AW 18\Documents\GitHub\SD6Midterm\Sd6MidtermClient\Debug\Sd6MidtermClient.exe
       FinalizeBuildStatus:
         Deleting file "Debug\Sd6MidtermClient.unsuccessfulbuild".
         Touching "Debug\Sd6MidtermClient.lastbuildstate".
     1>Done Building Project "C:\Users\AW 18\Documents\GitHub\SD6Midterm\Sd6MidtermClient\Sd6MidtermClient.vcxproj" (build target(s)).

Build succeeded.

Time Elapsed 00:00:01.59
