D:\DOCUMENTS\VISUAL STUDIO PROJECTS\SOFTDEV POST 2\ENGINECORE\DEBUG\DEMO DRIVER.EXE
D:\DOCUMENTS\VISUAL STUDIO PROJECTS\SOFTDEV POST 2\ENGINECORE\DEBUG\DEMO DRIVER.ILK
D:\DOCUMENTS\VISUAL STUDIO PROJECTS\SOFTDEV POST 2\ENGINECORE\DEBUG\DEMO DRIVER.PDB
D:\Documents\Visual Studio Projects\SoftDev Post 2\EngineCore\Demo Driver\Demo Driver\Debug\cl.command.1.tlog
D:\Documents\Visual Studio Projects\SoftDev Post 2\EngineCore\Demo Driver\Demo Driver\Debug\CL.read.1.tlog
D:\Documents\Visual Studio Projects\SoftDev Post 2\EngineCore\Demo Driver\Demo Driver\Debug\CL.write.1.tlog
D:\DOCUMENTS\VISUAL STUDIO PROJECTS\SOFTDEV POST 2\ENGINECORE\DEMO DRIVER\DEMO DRIVER\DEBUG\DEMO DRIVER.EXE.EMBED.MANIFEST
D:\DOCUMENTS\VISUAL STUDIO PROJECTS\SOFTDEV POST 2\ENGINECORE\DEMO DRIVER\DEMO DRIVER\DEBUG\DEMO DRIVER.EXE.EMBED.MANIFEST.RES
D:\DOCUMENTS\VISUAL STUDIO PROJECTS\SOFTDEV POST 2\ENGINECORE\DEMO DRIVER\DEMO DRIVER\DEBUG\DEMO DRIVER.EXE.INTERMEDIATE.MANIFEST
D:\Documents\Visual Studio Projects\SoftDev Post 2\EngineCore\Demo Driver\Demo Driver\Debug\Demo Driver.write.1.tlog
D:\Documents\Visual Studio Projects\SoftDev Post 2\EngineCore\Demo Driver\Demo Driver\Debug\Demo Driver_manifest.rc
D:\DOCUMENTS\VISUAL STUDIO PROJECTS\SOFTDEV POST 2\ENGINECORE\DEMO DRIVER\DEMO DRIVER\DEBUG\LIGHTINGANDGRAPHICS.OBJ
D:\Documents\Visual Studio Projects\SoftDev Post 2\EngineCore\Demo Driver\Demo Driver\Debug\link.1732.read.1.tlog
D:\Documents\Visual Studio Projects\SoftDev Post 2\EngineCore\Demo Driver\Demo Driver\Debug\link.1732.write.1.tlog
D:\Documents\Visual Studio Projects\SoftDev Post 2\EngineCore\Demo Driver\Demo Driver\Debug\link.1732-cvtres.read.1.tlog
D:\Documents\Visual Studio Projects\SoftDev Post 2\EngineCore\Demo Driver\Demo Driver\Debug\link.1732-cvtres.write.1.tlog
D:\Documents\Visual Studio Projects\SoftDev Post 2\EngineCore\Demo Driver\Demo Driver\Debug\link.3440.read.1.tlog
D:\Documents\Visual Studio Projects\SoftDev Post 2\EngineCore\Demo Driver\Demo Driver\Debug\link.3440.write.1.tlog
D:\Documents\Visual Studio Projects\SoftDev Post 2\EngineCore\Demo Driver\Demo Driver\Debug\link.3440-cvtres.read.1.tlog
D:\Documents\Visual Studio Projects\SoftDev Post 2\EngineCore\Demo Driver\Demo Driver\Debug\link.3440-cvtres.write.1.tlog
D:\Documents\Visual Studio Projects\SoftDev Post 2\EngineCore\Demo Driver\Demo Driver\Debug\link.4780.read.1.tlog
D:\Documents\Visual Studio Projects\SoftDev Post 2\EngineCore\Demo Driver\Demo Driver\Debug\link.4780.write.1.tlog
D:\Documents\Visual Studio Projects\SoftDev Post 2\EngineCore\Demo Driver\Demo Driver\Debug\link.4780-cvtres.read.1.tlog
D:\Documents\Visual Studio Projects\SoftDev Post 2\EngineCore\Demo Driver\Demo Driver\Debug\link.4780-cvtres.write.1.tlog
D:\Documents\Visual Studio Projects\SoftDev Post 2\EngineCore\Demo Driver\Demo Driver\Debug\link.4956.read.1.tlog
D:\Documents\Visual Studio Projects\SoftDev Post 2\EngineCore\Demo Driver\Demo Driver\Debug\link.4956.write.1.tlog
D:\Documents\Visual Studio Projects\SoftDev Post 2\EngineCore\Demo Driver\Demo Driver\Debug\link.4956-cvtres.read.1.tlog
D:\Documents\Visual Studio Projects\SoftDev Post 2\EngineCore\Demo Driver\Demo Driver\Debug\link.4956-cvtres.write.1.tlog
D:\Documents\Visual Studio Projects\SoftDev Post 2\EngineCore\Demo Driver\Demo Driver\Debug\link.5392.read.1.tlog
D:\Documents\Visual Studio Projects\SoftDev Post 2\EngineCore\Demo Driver\Demo Driver\Debug\link.5392.write.1.tlog
D:\Documents\Visual Studio Projects\SoftDev Post 2\EngineCore\Demo Driver\Demo Driver\Debug\link.5392-cvtres.read.1.tlog
D:\Documents\Visual Studio Projects\SoftDev Post 2\EngineCore\Demo Driver\Demo Driver\Debug\link.5392-cvtres.write.1.tlog
D:\Documents\Visual Studio Projects\SoftDev Post 2\EngineCore\Demo Driver\Demo Driver\Debug\link.6024.read.1.tlog
D:\Documents\Visual Studio Projects\SoftDev Post 2\EngineCore\Demo Driver\Demo Driver\Debug\link.6024.write.1.tlog
D:\Documents\Visual Studio Projects\SoftDev Post 2\EngineCore\Demo Driver\Demo Driver\Debug\link.6024-cvtres.read.1.tlog
D:\Documents\Visual Studio Projects\SoftDev Post 2\EngineCore\Demo Driver\Demo Driver\Debug\link.6024-cvtres.write.1.tlog
D:\Documents\Visual Studio Projects\SoftDev Post 2\EngineCore\Demo Driver\Demo Driver\Debug\link.6068.read.1.tlog
D:\Documents\Visual Studio Projects\SoftDev Post 2\EngineCore\Demo Driver\Demo Driver\Debug\link.6068.write.1.tlog
D:\Documents\Visual Studio Projects\SoftDev Post 2\EngineCore\Demo Driver\Demo Driver\Debug\link.6068-cvtres.read.1.tlog
D:\Documents\Visual Studio Projects\SoftDev Post 2\EngineCore\Demo Driver\Demo Driver\Debug\link.6068-cvtres.write.1.tlog
D:\Documents\Visual Studio Projects\SoftDev Post 2\EngineCore\Demo Driver\Demo Driver\Debug\link.6684.read.1.tlog
D:\Documents\Visual Studio Projects\SoftDev Post 2\EngineCore\Demo Driver\Demo Driver\Debug\link.6684.write.1.tlog
D:\Documents\Visual Studio Projects\SoftDev Post 2\EngineCore\Demo Driver\Demo Driver\Debug\link.6684-cvtres.read.1.tlog
D:\Documents\Visual Studio Projects\SoftDev Post 2\EngineCore\Demo Driver\Demo Driver\Debug\link.6684-cvtres.write.1.tlog
D:\Documents\Visual Studio Projects\SoftDev Post 2\EngineCore\Demo Driver\Demo Driver\Debug\link.6972.read.1.tlog
D:\Documents\Visual Studio Projects\SoftDev Post 2\EngineCore\Demo Driver\Demo Driver\Debug\link.6972.write.1.tlog
D:\Documents\Visual Studio Projects\SoftDev Post 2\EngineCore\Demo Driver\Demo Driver\Debug\link.6972-cvtres.read.1.tlog
D:\Documents\Visual Studio Projects\SoftDev Post 2\EngineCore\Demo Driver\Demo Driver\Debug\link.6972-cvtres.write.1.tlog
D:\Documents\Visual Studio Projects\SoftDev Post 2\EngineCore\Demo Driver\Demo Driver\Debug\link.7300.read.1.tlog
D:\Documents\Visual Studio Projects\SoftDev Post 2\EngineCore\Demo Driver\Demo Driver\Debug\link.7300.write.1.tlog
D:\Documents\Visual Studio Projects\SoftDev Post 2\EngineCore\Demo Driver\Demo Driver\Debug\link.7300-cvtres.read.1.tlog
D:\Documents\Visual Studio Projects\SoftDev Post 2\EngineCore\Demo Driver\Demo Driver\Debug\link.7300-cvtres.write.1.tlog
D:\Documents\Visual Studio Projects\SoftDev Post 2\EngineCore\Demo Driver\Demo Driver\Debug\link.7316.read.1.tlog
D:\Documents\Visual Studio Projects\SoftDev Post 2\EngineCore\Demo Driver\Demo Driver\Debug\link.7316.write.1.tlog
D:\Documents\Visual Studio Projects\SoftDev Post 2\EngineCore\Demo Driver\Demo Driver\Debug\link.7316-cvtres.read.1.tlog
D:\Documents\Visual Studio Projects\SoftDev Post 2\EngineCore\Demo Driver\Demo Driver\Debug\link.7316-cvtres.write.1.tlog
D:\Documents\Visual Studio Projects\SoftDev Post 2\EngineCore\Demo Driver\Demo Driver\Debug\link.7796.read.1.tlog
D:\Documents\Visual Studio Projects\SoftDev Post 2\EngineCore\Demo Driver\Demo Driver\Debug\link.7796.write.1.tlog
D:\Documents\Visual Studio Projects\SoftDev Post 2\EngineCore\Demo Driver\Demo Driver\Debug\link.7796-cvtres.read.1.tlog
D:\Documents\Visual Studio Projects\SoftDev Post 2\EngineCore\Demo Driver\Demo Driver\Debug\link.7796-cvtres.write.1.tlog
D:\Documents\Visual Studio Projects\SoftDev Post 2\EngineCore\Demo Driver\Demo Driver\Debug\link.8032.read.1.tlog
D:\Documents\Visual Studio Projects\SoftDev Post 2\EngineCore\Demo Driver\Demo Driver\Debug\link.8032.write.1.tlog
D:\Documents\Visual Studio Projects\SoftDev Post 2\EngineCore\Demo Driver\Demo Driver\Debug\link.8032-cvtres.read.1.tlog
D:\Documents\Visual Studio Projects\SoftDev Post 2\EngineCore\Demo Driver\Demo Driver\Debug\link.8032-cvtres.write.1.tlog
D:\Documents\Visual Studio Projects\SoftDev Post 2\EngineCore\Demo Driver\Demo Driver\Debug\link.8400.read.1.tlog
D:\Documents\Visual Studio Projects\SoftDev Post 2\EngineCore\Demo Driver\Demo Driver\Debug\link.8400.write.1.tlog
D:\Documents\Visual Studio Projects\SoftDev Post 2\EngineCore\Demo Driver\Demo Driver\Debug\link.8400-cvtres.read.1.tlog
D:\Documents\Visual Studio Projects\SoftDev Post 2\EngineCore\Demo Driver\Demo Driver\Debug\link.8400-cvtres.write.1.tlog
D:\Documents\Visual Studio Projects\SoftDev Post 2\EngineCore\Demo Driver\Demo Driver\Debug\link.8832.read.1.tlog
D:\Documents\Visual Studio Projects\SoftDev Post 2\EngineCore\Demo Driver\Demo Driver\Debug\link.8832.write.1.tlog
D:\Documents\Visual Studio Projects\SoftDev Post 2\EngineCore\Demo Driver\Demo Driver\Debug\link.8832-cvtres.read.1.tlog
D:\Documents\Visual Studio Projects\SoftDev Post 2\EngineCore\Demo Driver\Demo Driver\Debug\link.8832-cvtres.write.1.tlog
D:\Documents\Visual Studio Projects\SoftDev Post 2\EngineCore\Demo Driver\Demo Driver\Debug\link.command.1.tlog
D:\Documents\Visual Studio Projects\SoftDev Post 2\EngineCore\Demo Driver\Demo Driver\Debug\link.read.1.tlog
D:\Documents\Visual Studio Projects\SoftDev Post 2\EngineCore\Demo Driver\Demo Driver\Debug\link.write.1.tlog
D:\Documents\Visual Studio Projects\SoftDev Post 2\EngineCore\Demo Driver\Demo Driver\Debug\link-cvtres.read.1.tlog
D:\Documents\Visual Studio Projects\SoftDev Post 2\EngineCore\Demo Driver\Demo Driver\Debug\link-cvtres.write.1.tlog
D:\Documents\Visual Studio Projects\SoftDev Post 2\EngineCore\Demo Driver\Demo Driver\Debug\mt.command.1.tlog
D:\Documents\Visual Studio Projects\SoftDev Post 2\EngineCore\Demo Driver\Demo Driver\Debug\mt.read.1.tlog
D:\Documents\Visual Studio Projects\SoftDev Post 2\EngineCore\Demo Driver\Demo Driver\Debug\mt.write.1.tlog
D:\Documents\Visual Studio Projects\SoftDev Post 2\EngineCore\Demo Driver\Demo Driver\Debug\rc.command.1.tlog
D:\Documents\Visual Studio Projects\SoftDev Post 2\EngineCore\Demo Driver\Demo Driver\Debug\rc.read.1.tlog
D:\Documents\Visual Studio Projects\SoftDev Post 2\EngineCore\Demo Driver\Demo Driver\Debug\rc.write.1.tlog
D:\Documents\Visual Studio Projects\SoftDev Post 2\EngineCore\Demo Driver\Demo Driver\Debug\vc100.idb
D:\DOCUMENTS\VISUAL STUDIO PROJECTS\SOFTDEV POST 2\ENGINECORE\DEMO DRIVER\DEMO DRIVER\DEBUG\VC100.PDB
D:\DOCUMENTS\VISUAL STUDIO PROJECTS\SOFTDEV POST 2\ENGINECORE\DEMO DRIVER\DEMO DRIVER\DEBUG\WIN32_MAIN.OBJ
