Build started 5/26/2014 4:06:43 PM.
     1>Project "D:\Documents\Visual Studio Projects\SoftDev Post 2\EngineCore\Demo Driver\Demo Driver\Demo Driver.vcxproj" on node 2 (build target(s)).
     1>InitializeBuildStatus:
         Creating "Debug\Demo Driver.unsuccessfulbuild" because "AlwaysCreate" was specified.
       ClCompile:
         All outputs are up-to-date.
       ManifestResourceCompile:
         All outputs are up-to-date.
       Link:
         C:\Program Files (x86)\Microsoft Visual Studio 10.0\VC\bin\link.exe /ERRORREPORT:PROMPT /OUT:"D:\Documents\Visual Studio Projects\SoftDev Post 2\EngineCore\Debug\Demo Driver.exe" /INCREMENTAL /NOLOGO /LIBPATH:"D:\Documents\Visual Studio Projects\SoftDev Post 2\EngineCore\Debug" EngineCore.lib kernel32.lib user32.lib gdi32.lib winspool.lib comdlg32.lib advapi32.lib shell32.lib ole32.lib oleaut32.lib uuid.lib odbc32.lib odbccp32.lib /MANIFEST /ManifestFile:"Debug\Demo Driver.exe.intermediate.manifest" /MANIFESTUAC:"level='asInvoker' uiAccess='false'" /DEBUG /PDB:"D:\Documents\Visual Studio Projects\SoftDev Post 2\EngineCore\Debug\Demo Driver.pdb" /SUBSYSTEM:WINDOWS /TLBID:1 /DYNAMICBASE /NXCOMPAT /IMPLIB:"D:\Documents\Visual Studio Projects\SoftDev Post 2\EngineCore\Debug\Demo Driver.lib" /MACHINE:X86 "Debug\Demo Driver.exe.embed.manifest.res"
         Debug\LightingAndGraphics.obj
         Debug\WIN32_Main.obj
       Manifest:
         C:\Program Files (x86)\Microsoft SDKs\Windows\v7.0A\bin\mt.exe /nologo /verbose /out:"Debug\Demo Driver.exe.embed.manifest" /manifest "Debug\Demo Driver.exe.intermediate.manifest"
         All outputs are up-to-date.
       LinkEmbedManifest:
         All outputs are up-to-date.
         Demo Driver.vcxproj -> D:\Documents\Visual Studio Projects\SoftDev Post 2\EngineCore\Debug\Demo Driver.exe
       FinalizeBuildStatus:
         Deleting file "Debug\Demo Driver.unsuccessfulbuild".
         Touching "Debug\Demo Driver.lastbuildstate".
     1>Done Building Project "D:\Documents\Visual Studio Projects\SoftDev Post 2\EngineCore\Demo Driver\Demo Driver\Demo Driver.vcxproj" (build target(s)).

Build succeeded.

Time Elapsed 00:00:00.42
